03-18-2016 12:19:20 8 pool-2-thread-5 (SearchWorker:54)	pool-2-thread-5 is starting DFS
03-18-2016 12:19:20 3 pool-2-thread-3 (SearchWorker:54)	pool-2-thread-3 is starting DFS
03-18-2016 12:19:20 8 pool-2-thread-4 (SearchWorker:54)	pool-2-thread-4 is starting DFS
03-18-2016 12:19:20 0 pool-2-thread-2 (SearchWorker:54)	pool-2-thread-2 is starting DFS
03-18-2016 12:19:20 8 pool-2-thread-1 (SearchWorker:54)	pool-2-thread-1 is starting DFS
03-18-2016 12:19:20 51 pool-2-thread-4 (SearchWorker:56)	pool-2-thread-4 is done with DFS
03-18-2016 12:19:20 51 pool-2-thread-3 (SearchWorker:56)	pool-2-thread-3 is done with DFS
03-18-2016 12:19:20 51 pool-2-thread-1 (SearchWorker:56)	pool-2-thread-1 is done with DFS
03-18-2016 12:19:20 51 pool-2-thread-2 (SearchWorker:56)	pool-2-thread-2 is done with DFS
03-18-2016 12:19:20 55 pool-2-thread-5 (SearchWorker:56)	pool-2-thread-5 is done with DFS
03-18-2016 12:19:21 1008 Thread-1 (DefaultDistributor:142)	Exiting, search exit flag is true
03-18-2016 12:19:21 1008 CSVDataGen.main() (DefaultDistributor:116)	DONE
03-18-2016 12:27:26 3 pool-2-thread-1 (SearchWorker:54)	pool-2-thread-1 is starting DFS
03-18-2016 12:27:26 11 pool-2-thread-4 (SearchWorker:54)	pool-2-thread-4 is starting DFS
03-18-2016 12:27:26 1 pool-2-thread-5 (SearchWorker:54)	pool-2-thread-5 is starting DFS
03-18-2016 12:27:26 0 pool-2-thread-3 (SearchWorker:54)	pool-2-thread-3 is starting DFS
03-18-2016 12:27:26 26 pool-2-thread-3 (SearchWorker:56)	pool-2-thread-3 is done with DFS
03-18-2016 12:27:26 4 pool-2-thread-2 (SearchWorker:54)	pool-2-thread-2 is starting DFS
03-18-2016 12:27:26 25 pool-2-thread-4 (SearchWorker:56)	pool-2-thread-4 is done with DFS
03-18-2016 12:27:26 25 pool-2-thread-1 (SearchWorker:56)	pool-2-thread-1 is done with DFS
03-18-2016 12:27:26 31 pool-2-thread-5 (SearchWorker:56)	pool-2-thread-5 is done with DFS
03-18-2016 12:27:26 28 pool-2-thread-2 (SearchWorker:56)	pool-2-thread-2 is done with DFS
03-18-2016 12:27:27 1001 Thread-1 (DefaultDistributor:142)	Exiting, search exit flag is true
03-18-2016 12:27:27 1002 CSVDataGen.main() (DefaultDistributor:116)	DONE
03-18-2016 12:29:17 0 pool-2-thread-3 (SearchWorker:54)	pool-2-thread-3 is starting DFS
03-18-2016 12:29:17 1 pool-2-thread-5 (SearchWorker:54)	pool-2-thread-5 is starting DFS
03-18-2016 12:29:17 3 pool-2-thread-2 (SearchWorker:54)	pool-2-thread-2 is starting DFS
03-18-2016 12:29:17 0 pool-2-thread-1 (SearchWorker:54)	pool-2-thread-1 is starting DFS
03-18-2016 12:29:17 0 pool-2-thread-4 (SearchWorker:54)	pool-2-thread-4 is starting DFS
03-18-2016 12:29:17 19 pool-2-thread-4 (SearchWorker:56)	pool-2-thread-4 is done with DFS
03-18-2016 12:29:17 19 pool-2-thread-5 (SearchWorker:56)	pool-2-thread-5 is done with DFS
03-18-2016 12:29:17 19 pool-2-thread-2 (SearchWorker:56)	pool-2-thread-2 is done with DFS
03-18-2016 12:29:17 18 pool-2-thread-1 (SearchWorker:56)	pool-2-thread-1 is done with DFS
03-18-2016 12:29:17 18 pool-2-thread-3 (SearchWorker:56)	pool-2-thread-3 is done with DFS
03-18-2016 12:29:18 1001 Thread-1 (DefaultDistributor:142)	Exiting, search exit flag is true
03-18-2016 12:29:18 1001 CSVDataGen.main() (DefaultDistributor:116)	DONE
03-18-2016 12:29:45 14 pool-2-thread-5 (SearchWorker:54)	pool-2-thread-5 is starting DFS
03-18-2016 12:29:45 0 pool-2-thread-4 (SearchWorker:54)	pool-2-thread-4 is starting DFS
03-18-2016 12:29:45 30 pool-2-thread-3 (SearchWorker:54)	pool-2-thread-3 is starting DFS
03-18-2016 12:29:45 30 pool-2-thread-1 (SearchWorker:54)	pool-2-thread-1 is starting DFS
03-18-2016 12:29:45 30 pool-2-thread-2 (SearchWorker:54)	pool-2-thread-2 is starting DFS
03-18-2016 12:29:45 49 pool-2-thread-3 (SearchWorker:56)	pool-2-thread-3 is done with DFS
03-18-2016 12:29:45 50 pool-2-thread-5 (SearchWorker:56)	pool-2-thread-5 is done with DFS
03-18-2016 12:29:45 51 pool-2-thread-4 (SearchWorker:56)	pool-2-thread-4 is done with DFS
03-18-2016 12:29:45 51 pool-2-thread-2 (SearchWorker:56)	pool-2-thread-2 is done with DFS
03-18-2016 12:29:45 50 pool-2-thread-1 (SearchWorker:56)	pool-2-thread-1 is done with DFS
03-18-2016 12:29:46 1007 Thread-1 (DefaultDistributor:142)	Exiting, search exit flag is true
03-18-2016 12:29:46 1007 CSVDataGen.main() (DefaultDistributor:116)	DONE
03-18-2016 12:39:43 0 pool-2-thread-3 (SearchWorker:54)	pool-2-thread-3 is starting DFS
03-18-2016 12:39:43 3 pool-2-thread-5 (SearchWorker:54)	pool-2-thread-5 is starting DFS
03-18-2016 12:39:43 0 pool-2-thread-1 (SearchWorker:54)	pool-2-thread-1 is starting DFS
03-18-2016 12:39:43 27 pool-2-thread-1 (SearchWorker:56)	pool-2-thread-1 is done with DFS
03-18-2016 12:39:43 2 pool-2-thread-4 (SearchWorker:54)	pool-2-thread-4 is starting DFS
03-18-2016 12:39:43 0 pool-2-thread-2 (SearchWorker:54)	pool-2-thread-2 is starting DFS
03-18-2016 12:39:43 30 pool-2-thread-2 (SearchWorker:56)	pool-2-thread-2 is done with DFS
03-18-2016 12:39:43 23 pool-2-thread-5 (SearchWorker:56)	pool-2-thread-5 is done with DFS
03-18-2016 12:39:43 23 pool-2-thread-3 (SearchWorker:56)	pool-2-thread-3 is done with DFS
03-18-2016 12:39:43 33 pool-2-thread-4 (SearchWorker:56)	pool-2-thread-4 is done with DFS
03-18-2016 12:39:44 1003 Thread-1 (DefaultDistributor:142)	Exiting, search exit flag is true
03-18-2016 12:39:44 1003 CSVDataGen.main() (DefaultDistributor:116)	DONE
03-18-2016 12:40:34 1 pool-2-thread-1 (SearchWorker:54)	pool-2-thread-1 is starting DFS
03-18-2016 12:40:34 1 pool-2-thread-5 (SearchWorker:54)	pool-2-thread-5 is starting DFS
03-18-2016 12:40:34 1 pool-2-thread-3 (SearchWorker:54)	pool-2-thread-3 is starting DFS
03-18-2016 12:40:34 1 pool-2-thread-2 (SearchWorker:54)	pool-2-thread-2 is starting DFS
03-18-2016 12:40:34 1 pool-2-thread-4 (SearchWorker:54)	pool-2-thread-4 is starting DFS
03-18-2016 12:40:34 12 pool-2-thread-5 (SearchWorker:56)	pool-2-thread-5 is done with DFS
03-18-2016 12:40:34 13 pool-2-thread-3 (SearchWorker:56)	pool-2-thread-3 is done with DFS
03-18-2016 12:40:34 13 pool-2-thread-2 (SearchWorker:56)	pool-2-thread-2 is done with DFS
03-18-2016 12:40:34 12 pool-2-thread-4 (SearchWorker:56)	pool-2-thread-4 is done with DFS
03-18-2016 12:40:34 16 pool-2-thread-1 (SearchWorker:56)	pool-2-thread-1 is done with DFS
03-18-2016 12:40:35 999 Thread-1 (DefaultDistributor:142)	Exiting, search exit flag is true
03-18-2016 12:40:35 999 CSVDataGen.main() (DefaultDistributor:116)	DONE
03-18-2016 12:49:22 0 pool-2-thread-1 (SearchWorker:54)	pool-2-thread-1 is starting DFS
03-18-2016 12:49:22 0 pool-2-thread-4 (SearchWorker:54)	pool-2-thread-4 is starting DFS
03-18-2016 12:49:22 0 pool-2-thread-5 (SearchWorker:54)	pool-2-thread-5 is starting DFS
03-18-2016 12:49:22 0 pool-2-thread-3 (SearchWorker:54)	pool-2-thread-3 is starting DFS
03-18-2016 12:49:22 21 pool-2-thread-3 (SearchWorker:56)	pool-2-thread-3 is done with DFS
03-18-2016 12:49:22 0 pool-2-thread-2 (SearchWorker:54)	pool-2-thread-2 is starting DFS
03-18-2016 12:49:22 22 pool-2-thread-2 (SearchWorker:56)	pool-2-thread-2 is done with DFS
03-18-2016 12:49:22 19 pool-2-thread-1 (SearchWorker:56)	pool-2-thread-1 is done with DFS
03-18-2016 12:49:22 22 pool-2-thread-5 (SearchWorker:56)	pool-2-thread-5 is done with DFS
03-18-2016 12:49:22 26 pool-2-thread-4 (SearchWorker:56)	pool-2-thread-4 is done with DFS
03-18-2016 12:49:23 1000 Thread-1 (DefaultDistributor:142)	Exiting, search exit flag is true
03-18-2016 12:49:23 1001 CSVDataGen.main() (DefaultDistributor:116)	DONE
03-18-2016 12:50:25 0 pool-2-thread-5 (SearchWorker:54)	pool-2-thread-5 is starting DFS
03-18-2016 12:50:25 0 pool-2-thread-3 (SearchWorker:54)	pool-2-thread-3 is starting DFS
03-18-2016 12:50:25 0 pool-2-thread-4 (SearchWorker:54)	pool-2-thread-4 is starting DFS
03-18-2016 12:50:25 0 pool-2-thread-1 (SearchWorker:54)	pool-2-thread-1 is starting DFS
03-18-2016 12:50:25 0 pool-2-thread-2 (SearchWorker:54)	pool-2-thread-2 is starting DFS
03-18-2016 12:50:25 24 pool-2-thread-1 (SearchWorker:56)	pool-2-thread-1 is done with DFS
03-18-2016 12:50:25 25 pool-2-thread-5 (SearchWorker:56)	pool-2-thread-5 is done with DFS
03-18-2016 12:50:25 32 pool-2-thread-2 (SearchWorker:56)	pool-2-thread-2 is done with DFS
03-18-2016 12:50:25 32 pool-2-thread-3 (SearchWorker:56)	pool-2-thread-3 is done with DFS
03-18-2016 12:50:25 32 pool-2-thread-4 (SearchWorker:56)	pool-2-thread-4 is done with DFS
03-18-2016 12:50:26 997 Thread-1 (DefaultDistributor:142)	Exiting, search exit flag is true
03-18-2016 12:50:26 998 CSVDataGen.main() (DefaultDistributor:116)	DONE
03-19-2016 11:17:09 0 CSVDataGen.main() (ModelUpdater:286)	Transition target with ID "SETV1" not found
03-19-2016 11:18:45 0 pool-2-thread-1 (SearchWorker:54)	pool-2-thread-1 is starting DFS
03-19-2016 11:18:45 8 pool-2-thread-5 (SearchWorker:54)	pool-2-thread-5 is starting DFS
03-19-2016 11:18:45 3 pool-2-thread-2 (SearchWorker:54)	pool-2-thread-2 is starting DFS
03-19-2016 11:18:45 3 pool-2-thread-4 (SearchWorker:54)	pool-2-thread-4 is starting DFS
03-19-2016 11:18:45 3 pool-2-thread-3 (SearchWorker:54)	pool-2-thread-3 is starting DFS
03-19-2016 11:18:45 27 pool-2-thread-1 (SearchWorker:56)	pool-2-thread-1 is done with DFS
03-19-2016 11:18:45 28 pool-2-thread-2 (SearchWorker:56)	pool-2-thread-2 is done with DFS
03-19-2016 11:18:45 30 pool-2-thread-5 (SearchWorker:56)	pool-2-thread-5 is done with DFS
03-19-2016 11:18:45 31 pool-2-thread-3 (SearchWorker:56)	pool-2-thread-3 is done with DFS
03-19-2016 11:18:45 31 pool-2-thread-4 (SearchWorker:56)	pool-2-thread-4 is done with DFS
03-19-2016 11:18:46 996 CSVDataGen.main() (DefaultDistributor:116)	DONE
03-19-2016 11:29:13 0 pool-2-thread-1 (SearchWorker:54)	pool-2-thread-1 is starting DFS
03-19-2016 11:29:13 17 pool-2-thread-5 (SearchWorker:54)	pool-2-thread-5 is starting DFS
03-19-2016 11:29:13 2 pool-2-thread-3 (SearchWorker:54)	pool-2-thread-3 is starting DFS
03-19-2016 11:29:13 39 pool-2-thread-3 (SearchWorker:56)	pool-2-thread-3 is done with DFS
03-19-2016 11:29:13 7 pool-2-thread-4 (SearchWorker:54)	pool-2-thread-4 is starting DFS
03-19-2016 11:29:13 6 pool-2-thread-2 (SearchWorker:54)	pool-2-thread-2 is starting DFS
03-19-2016 11:29:13 41 pool-2-thread-2 (SearchWorker:56)	pool-2-thread-2 is done with DFS
03-19-2016 11:29:13 40 pool-2-thread-1 (SearchWorker:56)	pool-2-thread-1 is done with DFS
03-19-2016 11:29:13 38 pool-2-thread-5 (SearchWorker:56)	pool-2-thread-5 is done with DFS
03-19-2016 11:29:13 43 pool-2-thread-4 (SearchWorker:56)	pool-2-thread-4 is done with DFS
03-19-2016 11:29:14 1016 CSVDataGen.main() (DefaultDistributor:116)	DONE
03-19-2016 11:30:17 0 pool-2-thread-1 (SearchWorker:54)	pool-2-thread-1 is starting DFS
03-19-2016 11:30:17 7 pool-2-thread-5 (SearchWorker:54)	pool-2-thread-5 is starting DFS
03-19-2016 11:30:17 1 pool-2-thread-4 (SearchWorker:54)	pool-2-thread-4 is starting DFS
03-19-2016 11:30:17 0 pool-2-thread-3 (SearchWorker:54)	pool-2-thread-3 is starting DFS
03-19-2016 11:30:17 0 pool-2-thread-2 (SearchWorker:54)	pool-2-thread-2 is starting DFS
03-19-2016 11:30:17 20 pool-2-thread-2 (SearchWorker:56)	pool-2-thread-2 is done with DFS
03-19-2016 11:30:17 22 pool-2-thread-2 (SearchWorker:54)	pool-2-thread-2 is starting DFS
03-19-2016 11:30:17 23 pool-2-thread-2 (SearchWorker:56)	pool-2-thread-2 is done with DFS
03-19-2016 11:30:17 22 pool-2-thread-4 (SearchWorker:56)	pool-2-thread-4 is done with DFS
03-19-2016 11:30:17 24 pool-2-thread-4 (SearchWorker:54)	pool-2-thread-4 is starting DFS
03-19-2016 11:30:17 24 pool-2-thread-4 (SearchWorker:56)	pool-2-thread-4 is done with DFS
03-19-2016 11:30:17 22 pool-2-thread-3 (SearchWorker:56)	pool-2-thread-3 is done with DFS
03-19-2016 11:30:17 24 pool-2-thread-1 (SearchWorker:56)	pool-2-thread-1 is done with DFS
03-19-2016 11:30:17 24 pool-2-thread-2 (SearchWorker:54)	pool-2-thread-2 is starting DFS
03-19-2016 11:30:17 25 pool-2-thread-2 (SearchWorker:56)	pool-2-thread-2 is done with DFS
03-19-2016 11:30:17 24 pool-2-thread-5 (SearchWorker:56)	pool-2-thread-5 is done with DFS
03-19-2016 11:30:18 997 CSVDataGen.main() (DefaultDistributor:116)	DONE
03-19-2016 12:14:07 0 CSVDataGen.main() (ModelUpdater:286)	Transition target with ID "IncomingProtocolID" not found
03-19-2016 12:14:56 0 pool-2-thread-1 (SearchWorker:54)	pool-2-thread-1 is starting DFS
03-19-2016 12:14:56 23 pool-2-thread-3 (SearchWorker:54)	pool-2-thread-3 is starting DFS
03-19-2016 12:14:56 1 pool-2-thread-2 (SearchWorker:54)	pool-2-thread-2 is starting DFS
03-19-2016 12:14:56 26 pool-2-thread-5 (SearchWorker:54)	pool-2-thread-5 is starting DFS
03-19-2016 12:14:56 25 pool-2-thread-4 (SearchWorker:54)	pool-2-thread-4 is starting DFS
03-19-2016 12:14:56 243 pool-2-thread-6 (SearchWorker:54)	pool-2-thread-6 is starting DFS
03-19-2016 12:14:56 243 pool-2-thread-7 (SearchWorker:54)	pool-2-thread-7 is starting DFS
03-19-2016 12:14:57 1026 Thread-1 (DefaultDistributor:142)	Exiting, search exit flag is true
03-19-2016 12:14:57 1124 CSVDataGen.main() (DefaultDistributor:116)	DONE
03-19-2016 12:17:23 0 pool-2-thread-1 (SearchWorker:54)	pool-2-thread-1 is starting DFS
03-19-2016 12:17:23 4 pool-2-thread-5 (SearchWorker:54)	pool-2-thread-5 is starting DFS
03-19-2016 12:17:23 2 pool-2-thread-4 (SearchWorker:54)	pool-2-thread-4 is starting DFS
03-19-2016 12:17:23 2 pool-2-thread-3 (SearchWorker:54)	pool-2-thread-3 is starting DFS
03-19-2016 12:17:23 20 pool-2-thread-3 (SearchWorker:56)	pool-2-thread-3 is done with DFS
03-19-2016 12:17:23 20 pool-2-thread-3 (SearchWorker:54)	pool-2-thread-3 is starting DFS
03-19-2016 12:17:23 21 pool-2-thread-3 (SearchWorker:56)	pool-2-thread-3 is done with DFS
03-19-2016 12:17:23 22 pool-2-thread-3 (SearchWorker:54)	pool-2-thread-3 is starting DFS
03-19-2016 12:17:23 2 pool-2-thread-2 (SearchWorker:54)	pool-2-thread-2 is starting DFS
03-19-2016 12:17:23 23 pool-2-thread-2 (SearchWorker:56)	pool-2-thread-2 is done with DFS
03-19-2016 12:17:23 24 pool-2-thread-3 (SearchWorker:56)	pool-2-thread-3 is done with DFS
03-19-2016 12:17:23 20 pool-2-thread-5 (SearchWorker:56)	pool-2-thread-5 is done with DFS
03-19-2016 12:17:23 20 pool-2-thread-1 (SearchWorker:56)	pool-2-thread-1 is done with DFS
03-19-2016 12:17:23 25 pool-2-thread-4 (SearchWorker:56)	pool-2-thread-4 is done with DFS
03-19-2016 12:17:24 1004 CSVDataGen.main() (DefaultDistributor:116)	DONE
03-19-2016 12:21:17 0 pool-2-thread-1 (SearchWorker:54)	pool-2-thread-1 is starting DFS
03-19-2016 12:21:17 0 pool-2-thread-5 (SearchWorker:54)	pool-2-thread-5 is starting DFS
03-19-2016 12:21:17 1 pool-2-thread-4 (SearchWorker:54)	pool-2-thread-4 is starting DFS
03-19-2016 12:21:17 1 pool-2-thread-2 (SearchWorker:54)	pool-2-thread-2 is starting DFS
03-19-2016 12:21:17 0 pool-2-thread-3 (SearchWorker:54)	pool-2-thread-3 is starting DFS
03-19-2016 12:21:17 167 pool-2-thread-6 (SearchWorker:54)	pool-2-thread-6 is starting DFS
03-19-2016 12:21:17 175 pool-2-thread-7 (SearchWorker:54)	pool-2-thread-7 is starting DFS
03-19-2016 12:21:19 1997 Thread-1 (DefaultDistributor:142)	Exiting, search exit flag is true
03-19-2016 12:21:19 1998 CSVDataGen.main() (DefaultDistributor:116)	DONE
03-19-2016 12:21:31 0 pool-2-thread-1 (SearchWorker:54)	pool-2-thread-1 is starting DFS
03-19-2016 12:21:31 15 pool-2-thread-5 (SearchWorker:54)	pool-2-thread-5 is starting DFS
03-19-2016 12:21:31 13 pool-2-thread-4 (SearchWorker:54)	pool-2-thread-4 is starting DFS
03-19-2016 12:21:31 1 pool-2-thread-2 (SearchWorker:54)	pool-2-thread-2 is starting DFS
03-19-2016 12:21:31 11 pool-2-thread-3 (SearchWorker:54)	pool-2-thread-3 is starting DFS
03-19-2016 12:21:31 139 pool-2-thread-6 (SearchWorker:54)	pool-2-thread-6 is starting DFS
03-19-2016 12:21:31 190 pool-2-thread-7 (SearchWorker:54)	pool-2-thread-7 is starting DFS
03-19-2016 12:21:32 1013 Thread-1 (DefaultDistributor:142)	Exiting, search exit flag is true
03-19-2016 12:21:32 1067 CSVDataGen.main() (DefaultDistributor:116)	DONE
03-19-2016 12:22:31 0 pool-2-thread-1 (SearchWorker:54)	pool-2-thread-1 is starting DFS
03-19-2016 12:22:31 13 pool-2-thread-5 (SearchWorker:54)	pool-2-thread-5 is starting DFS
03-19-2016 12:22:31 13 pool-2-thread-4 (SearchWorker:54)	pool-2-thread-4 is starting DFS
03-19-2016 12:22:31 13 pool-2-thread-3 (SearchWorker:54)	pool-2-thread-3 is starting DFS
03-19-2016 12:22:31 0 pool-2-thread-2 (SearchWorker:54)	pool-2-thread-2 is starting DFS
03-19-2016 12:22:31 27 pool-2-thread-4 (SearchWorker:56)	pool-2-thread-4 is done with DFS
03-19-2016 12:22:31 28 pool-2-thread-3 (SearchWorker:56)	pool-2-thread-3 is done with DFS
03-19-2016 12:22:31 29 pool-2-thread-3 (SearchWorker:54)	pool-2-thread-3 is starting DFS
03-19-2016 12:22:31 29 pool-2-thread-3 (SearchWorker:56)	pool-2-thread-3 is done with DFS
03-19-2016 12:22:31 29 pool-2-thread-3 (SearchWorker:54)	pool-2-thread-3 is starting DFS
03-19-2016 12:22:31 30 pool-2-thread-3 (SearchWorker:56)	pool-2-thread-3 is done with DFS
03-19-2016 12:22:31 28 pool-2-thread-2 (SearchWorker:56)	pool-2-thread-2 is done with DFS
03-19-2016 12:22:31 30 pool-2-thread-5 (SearchWorker:56)	pool-2-thread-5 is done with DFS
03-19-2016 12:22:31 31 pool-2-thread-1 (SearchWorker:56)	pool-2-thread-1 is done with DFS
03-19-2016 12:22:32 999 CSVDataGen.main() (DefaultDistributor:116)	DONE
03-19-2016 12:23:08 2 pool-2-thread-5 (SearchWorker:54)	pool-2-thread-5 is starting DFS
03-19-2016 12:23:08 0 pool-2-thread-2 (SearchWorker:54)	pool-2-thread-2 is starting DFS
03-19-2016 12:23:08 0 pool-2-thread-3 (SearchWorker:54)	pool-2-thread-3 is starting DFS
03-19-2016 12:23:08 0 pool-2-thread-1 (SearchWorker:54)	pool-2-thread-1 is starting DFS
03-19-2016 12:23:08 2 pool-2-thread-4 (SearchWorker:54)	pool-2-thread-4 is starting DFS
03-19-2016 12:23:08 64 pool-2-thread-5 (SearchWorker:56)	pool-2-thread-5 is done with DFS
03-19-2016 12:23:08 67 pool-2-thread-2 (SearchWorker:56)	pool-2-thread-2 is done with DFS
03-19-2016 12:23:08 66 pool-2-thread-4 (SearchWorker:56)	pool-2-thread-4 is done with DFS
03-19-2016 12:23:08 66 pool-2-thread-1 (SearchWorker:56)	pool-2-thread-1 is done with DFS
03-19-2016 12:23:08 66 pool-2-thread-3 (SearchWorker:56)	pool-2-thread-3 is done with DFS
03-19-2016 12:23:08 74 pool-2-thread-2 (SearchWorker:54)	pool-2-thread-2 is starting DFS
03-19-2016 12:23:08 78 pool-2-thread-2 (SearchWorker:56)	pool-2-thread-2 is done with DFS
03-19-2016 12:23:08 73 pool-2-thread-5 (SearchWorker:54)	pool-2-thread-5 is starting DFS
03-19-2016 12:23:08 79 pool-2-thread-5 (SearchWorker:56)	pool-2-thread-5 is done with DFS
03-19-2016 12:23:09 996 CSVDataGen.main() (DefaultDistributor:116)	DONE
03-19-2016 12:23:42 0 pool-2-thread-1 (SearchWorker:54)	pool-2-thread-1 is starting DFS
03-19-2016 12:23:42 0 pool-2-thread-3 (SearchWorker:54)	pool-2-thread-3 is starting DFS
03-19-2016 12:23:42 0 pool-2-thread-4 (SearchWorker:54)	pool-2-thread-4 is starting DFS
03-19-2016 12:23:42 0 pool-2-thread-2 (SearchWorker:54)	pool-2-thread-2 is starting DFS
03-19-2016 12:23:42 0 pool-2-thread-5 (SearchWorker:54)	pool-2-thread-5 is starting DFS
03-19-2016 12:23:42 53 pool-2-thread-1 (SearchWorker:56)	pool-2-thread-1 is done with DFS
03-19-2016 12:23:42 55 pool-2-thread-1 (SearchWorker:54)	pool-2-thread-1 is starting DFS
03-19-2016 12:23:42 54 pool-2-thread-4 (SearchWorker:56)	pool-2-thread-4 is done with DFS
03-19-2016 12:23:42 55 pool-2-thread-4 (SearchWorker:54)	pool-2-thread-4 is starting DFS
03-19-2016 12:23:42 58 pool-2-thread-4 (SearchWorker:56)	pool-2-thread-4 is done with DFS
03-19-2016 12:23:42 54 pool-2-thread-2 (SearchWorker:56)	pool-2-thread-2 is done with DFS
03-19-2016 12:23:42 54 pool-2-thread-3 (SearchWorker:56)	pool-2-thread-3 is done with DFS
03-19-2016 12:23:42 54 pool-2-thread-5 (SearchWorker:56)	pool-2-thread-5 is done with DFS
03-19-2016 12:23:42 59 pool-2-thread-1 (SearchWorker:56)	pool-2-thread-1 is done with DFS
03-19-2016 12:23:43 999 CSVDataGen.main() (DefaultDistributor:116)	DONE
03-19-2016 12:24:52 0 pool-2-thread-2 (SearchWorker:54)	pool-2-thread-2 is starting DFS
03-19-2016 12:24:52 6 pool-2-thread-5 (SearchWorker:54)	pool-2-thread-5 is starting DFS
03-19-2016 12:24:52 3 pool-2-thread-3 (SearchWorker:54)	pool-2-thread-3 is starting DFS
03-19-2016 12:24:52 28 pool-2-thread-3 (SearchWorker:56)	pool-2-thread-3 is done with DFS
03-19-2016 12:24:52 3 pool-2-thread-4 (SearchWorker:54)	pool-2-thread-4 is starting DFS
03-19-2016 12:24:52 33 pool-2-thread-4 (SearchWorker:56)	pool-2-thread-4 is done with DFS
03-19-2016 12:24:52 33 pool-2-thread-4 (SearchWorker:54)	pool-2-thread-4 is starting DFS
03-19-2016 12:24:52 33 pool-2-thread-4 (SearchWorker:56)	pool-2-thread-4 is done with DFS
03-19-2016 12:24:52 0 pool-2-thread-1 (SearchWorker:54)	pool-2-thread-1 is starting DFS
03-19-2016 12:24:52 30 pool-2-thread-3 (SearchWorker:54)	pool-2-thread-3 is starting DFS
03-19-2016 12:24:52 34 pool-2-thread-3 (SearchWorker:56)	pool-2-thread-3 is done with DFS
03-19-2016 12:24:52 30 pool-2-thread-5 (SearchWorker:56)	pool-2-thread-5 is done with DFS
03-19-2016 12:24:52 28 pool-2-thread-2 (SearchWorker:56)	pool-2-thread-2 is done with DFS
03-19-2016 12:24:52 34 pool-2-thread-1 (SearchWorker:56)	pool-2-thread-1 is done with DFS
03-19-2016 12:24:53 1005 CSVDataGen.main() (DefaultDistributor:116)	DONE
03-19-2016 12:27:54 3 pool-2-thread-4 (SearchWorker:54)	pool-2-thread-4 is starting DFS
03-19-2016 12:27:54 0 pool-2-thread-2 (SearchWorker:54)	pool-2-thread-2 is starting DFS
03-19-2016 12:27:54 0 pool-2-thread-3 (SearchWorker:54)	pool-2-thread-3 is starting DFS
03-19-2016 12:27:54 3 pool-2-thread-5 (SearchWorker:54)	pool-2-thread-5 is starting DFS
03-19-2016 12:27:54 0 pool-2-thread-1 (SearchWorker:54)	pool-2-thread-1 is starting DFS
03-19-2016 12:27:54 51 pool-2-thread-1 (SearchWorker:56)	pool-2-thread-1 is done with DFS
03-19-2016 12:27:54 54 pool-2-thread-3 (SearchWorker:56)	pool-2-thread-3 is done with DFS
03-19-2016 12:27:54 58 pool-2-thread-3 (SearchWorker:54)	pool-2-thread-3 is starting DFS
03-19-2016 12:27:54 58 pool-2-thread-3 (SearchWorker:56)	pool-2-thread-3 is done with DFS
03-19-2016 12:27:54 53 pool-2-thread-5 (SearchWorker:56)	pool-2-thread-5 is done with DFS
03-19-2016 12:27:54 51 pool-2-thread-4 (SearchWorker:56)	pool-2-thread-4 is done with DFS
03-19-2016 12:27:54 54 pool-2-thread-2 (SearchWorker:56)	pool-2-thread-2 is done with DFS
03-19-2016 12:27:54 54 pool-2-thread-1 (SearchWorker:54)	pool-2-thread-1 is starting DFS
03-19-2016 12:27:54 64 pool-2-thread-1 (SearchWorker:56)	pool-2-thread-1 is done with DFS
03-19-2016 12:27:55 995 CSVDataGen.main() (DefaultDistributor:116)	DONE
03-19-2016 12:29:34 1 pool-2-thread-1 (SearchWorker:54)	pool-2-thread-1 is starting DFS
03-19-2016 12:29:34 1 pool-2-thread-3 (SearchWorker:54)	pool-2-thread-3 is starting DFS
03-19-2016 12:29:34 4 pool-2-thread-5 (SearchWorker:54)	pool-2-thread-5 is starting DFS
03-19-2016 12:29:34 4 pool-2-thread-4 (SearchWorker:54)	pool-2-thread-4 is starting DFS
03-19-2016 12:29:34 1 pool-2-thread-2 (SearchWorker:54)	pool-2-thread-2 is starting DFS
03-19-2016 12:29:34 36 pool-2-thread-2 (SearchWorker:56)	pool-2-thread-2 is done with DFS
03-19-2016 12:29:34 37 pool-2-thread-2 (SearchWorker:54)	pool-2-thread-2 is starting DFS
03-19-2016 12:29:34 37 pool-2-thread-2 (SearchWorker:56)	pool-2-thread-2 is done with DFS
03-19-2016 12:29:34 38 pool-2-thread-2 (SearchWorker:54)	pool-2-thread-2 is starting DFS
03-19-2016 12:29:34 38 pool-2-thread-2 (SearchWorker:56)	pool-2-thread-2 is done with DFS
03-19-2016 12:29:34 36 pool-2-thread-4 (SearchWorker:56)	pool-2-thread-4 is done with DFS
03-19-2016 12:29:34 34 pool-2-thread-5 (SearchWorker:56)	pool-2-thread-5 is done with DFS
03-19-2016 12:29:34 33 pool-2-thread-3 (SearchWorker:56)	pool-2-thread-3 is done with DFS
03-19-2016 12:29:34 32 pool-2-thread-1 (SearchWorker:56)	pool-2-thread-1 is done with DFS
03-19-2016 12:29:35 1005 CSVDataGen.main() (DefaultDistributor:116)	DONE
03-19-2016 12:30:56 1 pool-2-thread-1 (SearchWorker:54)	pool-2-thread-1 is starting DFS
03-19-2016 12:30:56 12 pool-2-thread-6 (SearchWorker:54)	pool-2-thread-6 is starting DFS
03-19-2016 12:30:56 4 pool-2-thread-5 (SearchWorker:54)	pool-2-thread-5 is starting DFS
03-19-2016 12:30:56 20 pool-2-thread-7 (SearchWorker:54)	pool-2-thread-7 is starting DFS
03-19-2016 12:30:56 3 pool-2-thread-2 (SearchWorker:54)	pool-2-thread-2 is starting DFS
03-19-2016 12:30:56 4 pool-2-thread-4 (SearchWorker:54)	pool-2-thread-4 is starting DFS
03-19-2016 12:30:56 3 pool-2-thread-3 (SearchWorker:54)	pool-2-thread-3 is starting DFS
03-19-2016 12:30:56 40 pool-2-thread-3 (SearchWorker:56)	pool-2-thread-3 is done with DFS
03-19-2016 12:30:56 44 pool-2-thread-4 (SearchWorker:56)	pool-2-thread-4 is done with DFS
03-19-2016 12:30:56 44 pool-2-thread-2 (SearchWorker:56)	pool-2-thread-2 is done with DFS
03-19-2016 12:30:56 47 pool-2-thread-7 (SearchWorker:56)	pool-2-thread-7 is done with DFS
03-19-2016 12:30:56 47 pool-2-thread-1 (SearchWorker:56)	pool-2-thread-1 is done with DFS
03-19-2016 12:30:56 49 pool-2-thread-5 (SearchWorker:56)	pool-2-thread-5 is done with DFS
03-19-2016 12:30:56 50 pool-2-thread-6 (SearchWorker:56)	pool-2-thread-6 is done with DFS
03-19-2016 12:30:57 1012 CSVDataGen.main() (DefaultDistributor:116)	DONE
03-19-2016 12:31:56 0 pool-2-thread-1 (SearchWorker:54)	pool-2-thread-1 is starting DFS
03-19-2016 12:31:56 4 pool-2-thread-6 (SearchWorker:54)	pool-2-thread-6 is starting DFS
03-19-2016 12:31:56 4 pool-2-thread-3 (SearchWorker:54)	pool-2-thread-3 is starting DFS
03-19-2016 12:31:56 3 pool-2-thread-5 (SearchWorker:54)	pool-2-thread-5 is starting DFS
03-19-2016 12:31:56 3 pool-2-thread-4 (SearchWorker:54)	pool-2-thread-4 is starting DFS
03-19-2016 12:31:56 7 pool-2-thread-7 (SearchWorker:54)	pool-2-thread-7 is starting DFS
03-19-2016 12:31:56 0 pool-2-thread-2 (SearchWorker:54)	pool-2-thread-2 is starting DFS
03-19-2016 12:31:56 46 pool-2-thread-2 (SearchWorker:56)	pool-2-thread-2 is done with DFS
03-19-2016 12:31:56 46 pool-2-thread-7 (SearchWorker:56)	pool-2-thread-7 is done with DFS
03-19-2016 12:31:56 47 pool-2-thread-3 (SearchWorker:56)	pool-2-thread-3 is done with DFS
03-19-2016 12:31:56 46 pool-2-thread-1 (SearchWorker:56)	pool-2-thread-1 is done with DFS
03-19-2016 12:31:56 49 pool-2-thread-6 (SearchWorker:56)	pool-2-thread-6 is done with DFS
03-19-2016 12:31:56 47 pool-2-thread-5 (SearchWorker:56)	pool-2-thread-5 is done with DFS
03-19-2016 12:31:56 46 pool-2-thread-4 (SearchWorker:56)	pool-2-thread-4 is done with DFS
03-19-2016 12:31:57 1004 CSVDataGen.main() (DefaultDistributor:116)	DONE
03-19-2016 12:32:10 0 pool-2-thread-1 (SearchWorker:54)	pool-2-thread-1 is starting DFS
03-19-2016 12:32:10 0 pool-2-thread-7 (SearchWorker:54)	pool-2-thread-7 is starting DFS
03-19-2016 12:32:10 0 pool-2-thread-5 (SearchWorker:54)	pool-2-thread-5 is starting DFS
03-19-2016 12:32:10 0 pool-2-thread-4 (SearchWorker:54)	pool-2-thread-4 is starting DFS
03-19-2016 12:32:10 0 pool-2-thread-3 (SearchWorker:54)	pool-2-thread-3 is starting DFS
03-19-2016 12:32:10 0 pool-2-thread-2 (SearchWorker:54)	pool-2-thread-2 is starting DFS
03-19-2016 12:32:10 26 pool-2-thread-2 (SearchWorker:56)	pool-2-thread-2 is done with DFS
03-19-2016 12:32:10 1 pool-2-thread-6 (SearchWorker:54)	pool-2-thread-6 is starting DFS
03-19-2016 12:32:10 26 pool-2-thread-4 (SearchWorker:56)	pool-2-thread-4 is done with DFS
03-19-2016 12:32:10 26 pool-2-thread-5 (SearchWorker:56)	pool-2-thread-5 is done with DFS
03-19-2016 12:32:10 26 pool-2-thread-3 (SearchWorker:56)	pool-2-thread-3 is done with DFS
03-19-2016 12:32:10 25 pool-2-thread-7 (SearchWorker:56)	pool-2-thread-7 is done with DFS
03-19-2016 12:32:10 28 pool-2-thread-1 (SearchWorker:56)	pool-2-thread-1 is done with DFS
03-19-2016 12:32:10 28 pool-2-thread-6 (SearchWorker:56)	pool-2-thread-6 is done with DFS
03-19-2016 12:32:11 1000 CSVDataGen.main() (DefaultDistributor:116)	DONE
03-19-2016 12:32:25 0 pool-2-thread-1 (SearchWorker:54)	pool-2-thread-1 is starting DFS
03-19-2016 12:32:25 15 pool-2-thread-6 (SearchWorker:54)	pool-2-thread-6 is starting DFS
03-19-2016 12:32:25 5 pool-2-thread-5 (SearchWorker:54)	pool-2-thread-5 is starting DFS
03-19-2016 12:32:25 3 pool-2-thread-4 (SearchWorker:54)	pool-2-thread-4 is starting DFS
03-19-2016 12:32:25 3 pool-2-thread-3 (SearchWorker:54)	pool-2-thread-3 is starting DFS
03-19-2016 12:32:25 1 pool-2-thread-2 (SearchWorker:54)	pool-2-thread-2 is starting DFS
03-19-2016 12:32:25 49 pool-2-thread-2 (SearchWorker:56)	pool-2-thread-2 is done with DFS
03-19-2016 12:32:25 55 pool-2-thread-1 (SearchWorker:56)	pool-2-thread-1 is done with DFS
03-19-2016 12:32:25 55 pool-2-thread-5 (SearchWorker:56)	pool-2-thread-5 is done with DFS
03-19-2016 12:32:25 55 pool-2-thread-4 (SearchWorker:56)	pool-2-thread-4 is done with DFS
03-19-2016 12:32:25 55 pool-2-thread-7 (SearchWorker:54)	pool-2-thread-7 is starting DFS
03-19-2016 12:32:25 57 pool-2-thread-7 (SearchWorker:56)	pool-2-thread-7 is done with DFS
03-19-2016 12:32:25 51 pool-2-thread-6 (SearchWorker:56)	pool-2-thread-6 is done with DFS
03-19-2016 12:32:25 49 pool-2-thread-3 (SearchWorker:56)	pool-2-thread-3 is done with DFS
03-19-2016 12:32:26 1013 CSVDataGen.main() (DefaultDistributor:116)	DONE
03-19-2016 12:32:35 0 pool-2-thread-1 (SearchWorker:54)	pool-2-thread-1 is starting DFS
03-19-2016 12:32:35 2 pool-2-thread-7 (SearchWorker:54)	pool-2-thread-7 is starting DFS
03-19-2016 12:32:35 2 pool-2-thread-6 (SearchWorker:54)	pool-2-thread-6 is starting DFS
03-19-2016 12:32:35 1 pool-2-thread-5 (SearchWorker:54)	pool-2-thread-5 is starting DFS
03-19-2016 12:32:35 0 pool-2-thread-4 (SearchWorker:54)	pool-2-thread-4 is starting DFS
03-19-2016 12:32:35 0 pool-2-thread-2 (SearchWorker:54)	pool-2-thread-2 is starting DFS
03-19-2016 12:32:35 0 pool-2-thread-3 (SearchWorker:54)	pool-2-thread-3 is starting DFS
03-19-2016 12:32:35 38 pool-2-thread-2 (SearchWorker:56)	pool-2-thread-2 is done with DFS
03-19-2016 12:32:35 38 pool-2-thread-3 (SearchWorker:56)	pool-2-thread-3 is done with DFS
03-19-2016 12:32:35 44 pool-2-thread-7 (SearchWorker:56)	pool-2-thread-7 is done with DFS
03-19-2016 12:32:35 40 pool-2-thread-6 (SearchWorker:56)	pool-2-thread-6 is done with DFS
03-19-2016 12:32:35 38 pool-2-thread-5 (SearchWorker:56)	pool-2-thread-5 is done with DFS
03-19-2016 12:32:35 38 pool-2-thread-4 (SearchWorker:56)	pool-2-thread-4 is done with DFS
03-19-2016 12:32:35 47 pool-2-thread-1 (SearchWorker:56)	pool-2-thread-1 is done with DFS
03-19-2016 12:32:36 1002 CSVDataGen.main() (DefaultDistributor:116)	DONE
03-19-2016 12:32:44 0 pool-2-thread-3 (SearchWorker:54)	pool-2-thread-3 is starting DFS
03-19-2016 12:32:44 0 pool-2-thread-2 (SearchWorker:54)	pool-2-thread-2 is starting DFS
03-19-2016 12:32:44 9 pool-2-thread-7 (SearchWorker:54)	pool-2-thread-7 is starting DFS
03-19-2016 12:32:44 0 pool-2-thread-1 (SearchWorker:54)	pool-2-thread-1 is starting DFS
03-19-2016 12:32:44 9 pool-2-thread-4 (SearchWorker:54)	pool-2-thread-4 is starting DFS
03-19-2016 12:32:44 36 pool-2-thread-4 (SearchWorker:56)	pool-2-thread-4 is done with DFS
03-19-2016 12:32:44 5 pool-2-thread-6 (SearchWorker:54)	pool-2-thread-6 is starting DFS
03-19-2016 12:32:44 38 pool-2-thread-6 (SearchWorker:56)	pool-2-thread-6 is done with DFS
03-19-2016 12:32:44 1 pool-2-thread-5 (SearchWorker:54)	pool-2-thread-5 is starting DFS
03-19-2016 12:32:44 39 pool-2-thread-5 (SearchWorker:56)	pool-2-thread-5 is done with DFS
03-19-2016 12:32:44 37 pool-2-thread-2 (SearchWorker:56)	pool-2-thread-2 is done with DFS
03-19-2016 12:32:44 37 pool-2-thread-7 (SearchWorker:56)	pool-2-thread-7 is done with DFS
03-19-2016 12:32:44 36 pool-2-thread-1 (SearchWorker:56)	pool-2-thread-1 is done with DFS
03-19-2016 12:32:44 36 pool-2-thread-3 (SearchWorker:56)	pool-2-thread-3 is done with DFS
03-19-2016 12:32:45 1009 CSVDataGen.main() (DefaultDistributor:116)	DONE
03-19-2016 12:34:16 0 pool-2-thread-1 (SearchWorker:54)	pool-2-thread-1 is starting DFS
03-19-2016 12:34:16 10 pool-2-thread-6 (SearchWorker:54)	pool-2-thread-6 is starting DFS
03-19-2016 12:34:16 10 pool-2-thread-7 (SearchWorker:54)	pool-2-thread-7 is starting DFS
03-19-2016 12:34:16 2 pool-2-thread-2 (SearchWorker:54)	pool-2-thread-2 is starting DFS
03-19-2016 12:34:16 2 pool-2-thread-3 (SearchWorker:54)	pool-2-thread-3 is starting DFS
03-19-2016 12:34:16 8 pool-2-thread-5 (SearchWorker:54)	pool-2-thread-5 is starting DFS
03-19-2016 12:34:16 8 pool-2-thread-4 (SearchWorker:54)	pool-2-thread-4 is starting DFS
03-19-2016 12:34:16 44 pool-2-thread-6 (SearchWorker:56)	pool-2-thread-6 is done with DFS
03-19-2016 12:34:16 46 pool-2-thread-2 (SearchWorker:56)	pool-2-thread-2 is done with DFS
03-19-2016 12:34:16 46 pool-2-thread-4 (SearchWorker:56)	pool-2-thread-4 is done with DFS
03-19-2016 12:34:16 44 pool-2-thread-3 (SearchWorker:56)	pool-2-thread-3 is done with DFS
03-19-2016 12:34:16 44 pool-2-thread-1 (SearchWorker:56)	pool-2-thread-1 is done with DFS
03-19-2016 12:34:16 44 pool-2-thread-7 (SearchWorker:56)	pool-2-thread-7 is done with DFS
03-19-2016 12:34:16 47 pool-2-thread-5 (SearchWorker:56)	pool-2-thread-5 is done with DFS
03-19-2016 12:34:17 1009 CSVDataGen.main() (DefaultDistributor:116)	DONE
03-19-2016 12:43:59 0 pool-2-thread-1 (SearchWorker:54)	pool-2-thread-1 is starting DFS
03-19-2016 12:43:59 0 pool-2-thread-6 (SearchWorker:54)	pool-2-thread-6 is starting DFS
03-19-2016 12:43:59 17 pool-2-thread-1 (SearchWorker:56)	pool-2-thread-1 is done with DFS
03-19-2016 12:43:59 0 pool-2-thread-5 (SearchWorker:54)	pool-2-thread-5 is starting DFS
03-19-2016 12:43:59 0 pool-2-thread-2 (SearchWorker:54)	pool-2-thread-2 is starting DFS
03-19-2016 12:43:59 22 pool-2-thread-2 (SearchWorker:56)	pool-2-thread-2 is done with DFS
03-19-2016 12:43:59 0 pool-2-thread-4 (SearchWorker:54)	pool-2-thread-4 is starting DFS
03-19-2016 12:43:59 23 pool-2-thread-4 (SearchWorker:56)	pool-2-thread-4 is done with DFS
03-19-2016 12:43:59 1 pool-2-thread-7 (SearchWorker:54)	pool-2-thread-7 is starting DFS
03-19-2016 12:43:59 0 pool-2-thread-3 (SearchWorker:54)	pool-2-thread-3 is starting DFS
03-19-2016 12:43:59 25 pool-2-thread-3 (SearchWorker:56)	pool-2-thread-3 is done with DFS
03-19-2016 12:43:59 22 pool-2-thread-5 (SearchWorker:56)	pool-2-thread-5 is done with DFS
03-19-2016 12:43:59 21 pool-2-thread-6 (SearchWorker:56)	pool-2-thread-6 is done with DFS
03-19-2016 12:43:59 28 pool-2-thread-7 (SearchWorker:56)	pool-2-thread-7 is done with DFS
03-19-2016 12:44:00 1000 CSVDataGen.main() (DefaultDistributor:116)	DONE
03-19-2016 12:45:00 0 pool-2-thread-1 (SearchWorker:54)	pool-2-thread-1 is starting DFS
03-19-2016 12:45:00 9 pool-2-thread-6 (SearchWorker:54)	pool-2-thread-6 is starting DFS
03-19-2016 12:45:00 6 pool-2-thread-5 (SearchWorker:54)	pool-2-thread-5 is starting DFS
03-19-2016 12:45:00 1 pool-2-thread-4 (SearchWorker:54)	pool-2-thread-4 is starting DFS
03-19-2016 12:45:00 1 pool-2-thread-3 (SearchWorker:54)	pool-2-thread-3 is starting DFS
03-19-2016 12:45:00 1 pool-2-thread-2 (SearchWorker:54)	pool-2-thread-2 is starting DFS
03-19-2016 12:45:00 6 pool-2-thread-7 (SearchWorker:54)	pool-2-thread-7 is starting DFS
03-19-2016 12:45:00 52 pool-2-thread-4 (SearchWorker:56)	pool-2-thread-4 is done with DFS
03-19-2016 12:45:00 53 pool-2-thread-3 (SearchWorker:56)	pool-2-thread-3 is done with DFS
03-19-2016 12:45:00 55 pool-2-thread-6 (SearchWorker:56)	pool-2-thread-6 is done with DFS
03-19-2016 12:45:00 57 pool-2-thread-1 (SearchWorker:56)	pool-2-thread-1 is done with DFS
03-19-2016 12:45:00 58 pool-2-thread-7 (SearchWorker:56)	pool-2-thread-7 is done with DFS
03-19-2016 12:45:00 58 pool-2-thread-5 (SearchWorker:56)	pool-2-thread-5 is done with DFS
03-19-2016 12:45:00 63 pool-2-thread-2 (SearchWorker:56)	pool-2-thread-2 is done with DFS
03-19-2016 12:45:01 1006 CSVDataGen.main() (DefaultDistributor:116)	DONE
03-19-2016 12:45:53 0 pool-2-thread-2 (SearchWorker:54)	pool-2-thread-2 is starting DFS
03-19-2016 12:45:54 10 pool-2-thread-5 (SearchWorker:54)	pool-2-thread-5 is starting DFS
03-19-2016 12:45:53 4 pool-2-thread-7 (SearchWorker:54)	pool-2-thread-7 is starting DFS
03-19-2016 12:45:53 3 pool-2-thread-6 (SearchWorker:54)	pool-2-thread-6 is starting DFS
03-19-2016 12:45:53 2 pool-2-thread-4 (SearchWorker:54)	pool-2-thread-4 is starting DFS
03-19-2016 12:45:53 0 pool-2-thread-1 (SearchWorker:54)	pool-2-thread-1 is starting DFS
03-19-2016 12:45:53 2 pool-2-thread-3 (SearchWorker:54)	pool-2-thread-3 is starting DFS
03-19-2016 12:45:54 51 pool-2-thread-7 (SearchWorker:56)	pool-2-thread-7 is done with DFS
03-19-2016 12:45:54 53 pool-2-thread-2 (SearchWorker:56)	pool-2-thread-2 is done with DFS
03-19-2016 12:45:54 53 pool-2-thread-3 (SearchWorker:56)	pool-2-thread-3 is done with DFS
03-19-2016 12:45:54 53 pool-2-thread-6 (SearchWorker:56)	pool-2-thread-6 is done with DFS
03-19-2016 12:45:54 53 pool-2-thread-5 (SearchWorker:56)	pool-2-thread-5 is done with DFS
03-19-2016 12:45:54 53 pool-2-thread-4 (SearchWorker:56)	pool-2-thread-4 is done with DFS
03-19-2016 12:45:54 53 pool-2-thread-1 (SearchWorker:56)	pool-2-thread-1 is done with DFS
03-19-2016 12:45:54 1004 CSVDataGen.main() (DefaultDistributor:116)	DONE
03-19-2016 12:53:39 0 pool-2-thread-1 (SearchWorker:54)	pool-2-thread-1 is starting DFS
03-19-2016 12:53:39 9 pool-2-thread-7 (SearchWorker:54)	pool-2-thread-7 is starting DFS
03-19-2016 12:53:39 1 pool-2-thread-2 (SearchWorker:54)	pool-2-thread-2 is starting DFS
03-19-2016 12:53:39 1 pool-2-thread-3 (SearchWorker:54)	pool-2-thread-3 is starting DFS
03-19-2016 12:53:39 1 pool-2-thread-4 (SearchWorker:54)	pool-2-thread-4 is starting DFS
03-19-2016 12:53:39 2 pool-2-thread-5 (SearchWorker:54)	pool-2-thread-5 is starting DFS
03-19-2016 12:53:39 2 pool-2-thread-6 (SearchWorker:54)	pool-2-thread-6 is starting DFS
03-19-2016 12:53:39 26 pool-2-thread-6 (SearchWorker:56)	pool-2-thread-6 is done with DFS
03-19-2016 12:53:39 27 pool-2-thread-4 (SearchWorker:56)	pool-2-thread-4 is done with DFS
03-19-2016 12:53:39 26 pool-2-thread-5 (SearchWorker:56)	pool-2-thread-5 is done with DFS
03-19-2016 12:53:39 27 pool-2-thread-1 (SearchWorker:56)	pool-2-thread-1 is done with DFS
03-19-2016 12:53:39 27 pool-2-thread-7 (SearchWorker:56)	pool-2-thread-7 is done with DFS
03-19-2016 12:53:39 27 pool-2-thread-2 (SearchWorker:56)	pool-2-thread-2 is done with DFS
03-19-2016 12:53:39 27 pool-2-thread-3 (SearchWorker:56)	pool-2-thread-3 is done with DFS
03-19-2016 12:53:40 1002 CSVDataGen.main() (DefaultDistributor:116)	DONE
03-19-2016 12:55:21 0 pool-2-thread-1 (SearchWorker:54)	pool-2-thread-1 is starting DFS
03-19-2016 12:55:21 11 pool-2-thread-7 (SearchWorker:54)	pool-2-thread-7 is starting DFS
03-19-2016 12:55:21 11 pool-2-thread-6 (SearchWorker:54)	pool-2-thread-6 is starting DFS
03-19-2016 12:55:21 10 pool-2-thread-5 (SearchWorker:54)	pool-2-thread-5 is starting DFS
03-19-2016 12:55:21 18 pool-2-thread-8 (SearchWorker:54)	pool-2-thread-8 is starting DFS
03-19-2016 12:55:21 10 pool-2-thread-4 (SearchWorker:54)	pool-2-thread-4 is starting DFS
03-19-2016 12:55:21 6 pool-2-thread-3 (SearchWorker:54)	pool-2-thread-3 is starting DFS
03-19-2016 12:55:21 2 pool-2-thread-2 (SearchWorker:54)	pool-2-thread-2 is starting DFS
03-19-2016 12:55:22 35 pool-2-thread-3 (SearchWorker:56)	pool-2-thread-3 is done with DFS
03-19-2016 12:55:22 35 pool-2-thread-4 (SearchWorker:56)	pool-2-thread-4 is done with DFS
03-19-2016 12:55:22 36 pool-2-thread-2 (SearchWorker:56)	pool-2-thread-2 is done with DFS
03-19-2016 12:55:22 37 pool-2-thread-1 (SearchWorker:56)	pool-2-thread-1 is done with DFS
03-19-2016 12:55:22 38 pool-2-thread-8 (SearchWorker:56)	pool-2-thread-8 is done with DFS
03-19-2016 12:55:22 38 pool-2-thread-7 (SearchWorker:56)	pool-2-thread-7 is done with DFS
03-19-2016 12:55:22 38 pool-2-thread-5 (SearchWorker:56)	pool-2-thread-5 is done with DFS
03-19-2016 12:55:22 38 pool-2-thread-6 (SearchWorker:56)	pool-2-thread-6 is done with DFS
03-19-2016 12:55:22 1011 CSVDataGen.main() (DefaultDistributor:116)	DONE
03-19-2016 12:55:54 0 pool-2-thread-1 (SearchWorker:54)	pool-2-thread-1 is starting DFS
03-19-2016 12:55:54 1 pool-2-thread-7 (SearchWorker:54)	pool-2-thread-7 is starting DFS
03-19-2016 12:55:54 1 pool-2-thread-2 (SearchWorker:54)	pool-2-thread-2 is starting DFS
03-19-2016 12:55:54 1 pool-2-thread-3 (SearchWorker:54)	pool-2-thread-3 is starting DFS
03-19-2016 12:55:54 1 pool-2-thread-4 (SearchWorker:54)	pool-2-thread-4 is starting DFS
03-19-2016 12:55:54 1 pool-2-thread-6 (SearchWorker:54)	pool-2-thread-6 is starting DFS
03-19-2016 12:55:54 1 pool-2-thread-5 (SearchWorker:54)	pool-2-thread-5 is starting DFS
03-19-2016 12:55:54 24 pool-2-thread-6 (SearchWorker:56)	pool-2-thread-6 is done with DFS
03-19-2016 12:55:54 25 pool-2-thread-4 (SearchWorker:56)	pool-2-thread-4 is done with DFS
03-19-2016 12:55:54 25 pool-2-thread-3 (SearchWorker:56)	pool-2-thread-3 is done with DFS
03-19-2016 12:55:54 24 pool-2-thread-5 (SearchWorker:56)	pool-2-thread-5 is done with DFS
03-19-2016 12:55:54 28 pool-2-thread-2 (SearchWorker:56)	pool-2-thread-2 is done with DFS
03-19-2016 12:55:54 28 pool-2-thread-7 (SearchWorker:56)	pool-2-thread-7 is done with DFS
03-19-2016 12:55:54 27 pool-2-thread-1 (SearchWorker:56)	pool-2-thread-1 is done with DFS
03-19-2016 12:55:55 997 CSVDataGen.main() (DefaultDistributor:116)	DONE
03-19-2016 12:56:52 2 pool-2-thread-5 (SearchWorker:54)	pool-2-thread-5 is starting DFS
03-19-2016 12:56:52 0 pool-2-thread-4 (SearchWorker:54)	pool-2-thread-4 is starting DFS
03-19-2016 12:56:52 0 pool-2-thread-1 (SearchWorker:54)	pool-2-thread-1 is starting DFS
03-19-2016 12:56:52 0 pool-2-thread-3 (SearchWorker:54)	pool-2-thread-3 is starting DFS
03-19-2016 12:56:52 7 pool-2-thread-2 (SearchWorker:54)	pool-2-thread-2 is starting DFS
03-19-2016 12:56:52 7 pool-2-thread-7 (SearchWorker:54)	pool-2-thread-7 is starting DFS
03-19-2016 12:56:52 7 pool-2-thread-6 (SearchWorker:54)	pool-2-thread-6 is starting DFS
03-19-2016 12:56:52 28 pool-2-thread-1 (SearchWorker:56)	pool-2-thread-1 is done with DFS
03-19-2016 12:56:52 32 pool-2-thread-2 (SearchWorker:56)	pool-2-thread-2 is done with DFS
03-19-2016 12:56:52 29 pool-2-thread-7 (SearchWorker:56)	pool-2-thread-7 is done with DFS
03-19-2016 12:56:52 29 pool-2-thread-6 (SearchWorker:56)	pool-2-thread-6 is done with DFS
03-19-2016 12:56:52 28 pool-2-thread-5 (SearchWorker:56)	pool-2-thread-5 is done with DFS
03-19-2016 12:56:52 34 pool-2-thread-3 (SearchWorker:56)	pool-2-thread-3 is done with DFS
03-19-2016 12:56:52 32 pool-2-thread-4 (SearchWorker:56)	pool-2-thread-4 is done with DFS
03-19-2016 12:56:53 998 CSVDataGen.main() (DefaultDistributor:116)	DONE
03-19-2016 19:06:00 0 pool-2-thread-7 (SearchWorker:54)	pool-2-thread-7 is starting DFS
03-19-2016 19:06:00 12 pool-2-thread-10 (SearchWorker:54)	pool-2-thread-10 is starting DFS
03-19-2016 19:06:00 0 pool-2-thread-6 (SearchWorker:54)	pool-2-thread-6 is starting DFS
03-19-2016 19:06:00 0 pool-2-thread-5 (SearchWorker:54)	pool-2-thread-5 is starting DFS
03-19-2016 19:06:00 0 pool-2-thread-4 (SearchWorker:54)	pool-2-thread-4 is starting DFS
03-19-2016 19:06:00 0 pool-2-thread-3 (SearchWorker:54)	pool-2-thread-3 is starting DFS
03-19-2016 19:06:00 0 pool-2-thread-2 (SearchWorker:54)	pool-2-thread-2 is starting DFS
03-19-2016 19:06:00 0 pool-2-thread-1 (SearchWorker:54)	pool-2-thread-1 is starting DFS
03-19-2016 19:06:00 10 pool-2-thread-8 (SearchWorker:54)	pool-2-thread-8 is starting DFS
03-19-2016 19:06:00 35 pool-2-thread-8 (SearchWorker:56)	pool-2-thread-8 is done with DFS
03-19-2016 19:06:00 35 pool-2-thread-8 (SearchWorker:54)	pool-2-thread-8 is starting DFS
03-19-2016 19:06:00 35 pool-2-thread-8 (SearchWorker:56)	pool-2-thread-8 is done with DFS
03-19-2016 19:06:00 36 pool-2-thread-8 (SearchWorker:54)	pool-2-thread-8 is starting DFS
03-19-2016 19:06:00 36 pool-2-thread-8 (SearchWorker:56)	pool-2-thread-8 is done with DFS
03-19-2016 19:06:00 37 pool-2-thread-8 (SearchWorker:54)	pool-2-thread-8 is starting DFS
03-19-2016 19:06:00 37 pool-2-thread-8 (SearchWorker:56)	pool-2-thread-8 is done with DFS
03-19-2016 19:06:00 10 pool-2-thread-9 (SearchWorker:54)	pool-2-thread-9 is starting DFS
03-19-2016 19:06:00 39 pool-2-thread-8 (SearchWorker:54)	pool-2-thread-8 is starting DFS
03-19-2016 19:06:00 34 pool-2-thread-1 (SearchWorker:56)	pool-2-thread-1 is done with DFS
03-19-2016 19:06:00 34 pool-2-thread-10 (SearchWorker:56)	pool-2-thread-10 is done with DFS
03-19-2016 19:06:00 34 pool-2-thread-5 (SearchWorker:56)	pool-2-thread-5 is done with DFS
03-19-2016 19:06:00 34 pool-2-thread-4 (SearchWorker:56)	pool-2-thread-4 is done with DFS
03-19-2016 19:06:00 34 pool-2-thread-3 (SearchWorker:56)	pool-2-thread-3 is done with DFS
03-19-2016 19:06:00 34 pool-2-thread-2 (SearchWorker:56)	pool-2-thread-2 is done with DFS
03-19-2016 19:06:00 34 pool-2-thread-6 (SearchWorker:56)	pool-2-thread-6 is done with DFS
03-19-2016 19:06:00 34 pool-2-thread-7 (SearchWorker:56)	pool-2-thread-7 is done with DFS
03-19-2016 19:06:00 40 pool-2-thread-10 (SearchWorker:54)	pool-2-thread-10 is starting DFS
03-19-2016 19:06:00 40 pool-2-thread-1 (SearchWorker:54)	pool-2-thread-1 is starting DFS
03-19-2016 19:06:00 43 pool-2-thread-1 (SearchWorker:56)	pool-2-thread-1 is done with DFS
03-19-2016 19:06:00 40 pool-2-thread-8 (SearchWorker:56)	pool-2-thread-8 is done with DFS
03-19-2016 19:06:00 39 pool-2-thread-9 (SearchWorker:56)	pool-2-thread-9 is done with DFS
03-19-2016 19:06:00 43 pool-2-thread-10 (SearchWorker:56)	pool-2-thread-10 is done with DFS
03-19-2016 19:06:01 1011 CSVDataGen.main() (DefaultDistributor:116)	DONE
03-19-2016 19:06:48 0 pool-2-thread-7 (SearchWorker:54)	pool-2-thread-7 is starting DFS
03-19-2016 19:06:48 2 pool-2-thread-10 (SearchWorker:54)	pool-2-thread-10 is starting DFS
03-19-2016 19:06:48 27 pool-2-thread-7 (SearchWorker:56)	pool-2-thread-7 is done with DFS
03-19-2016 19:06:48 28 pool-2-thread-7 (SearchWorker:54)	pool-2-thread-7 is starting DFS
03-19-2016 19:06:48 0 pool-2-thread-9 (SearchWorker:54)	pool-2-thread-9 is starting DFS
03-19-2016 19:06:48 29 pool-2-thread-9 (SearchWorker:56)	pool-2-thread-9 is done with DFS
03-19-2016 19:06:48 29 pool-2-thread-9 (SearchWorker:54)	pool-2-thread-9 is starting DFS
03-19-2016 19:06:48 30 pool-2-thread-9 (SearchWorker:56)	pool-2-thread-9 is done with DFS
03-19-2016 19:06:48 0 pool-2-thread-8 (SearchWorker:54)	pool-2-thread-8 is starting DFS
03-19-2016 19:06:48 0 pool-2-thread-4 (SearchWorker:54)	pool-2-thread-4 is starting DFS
03-19-2016 19:06:48 0 pool-2-thread-5 (SearchWorker:54)	pool-2-thread-5 is starting DFS
03-19-2016 19:06:48 33 pool-2-thread-5 (SearchWorker:56)	pool-2-thread-5 is done with DFS
03-19-2016 19:06:48 0 pool-2-thread-2 (SearchWorker:54)	pool-2-thread-2 is starting DFS
03-19-2016 19:06:48 33 pool-2-thread-2 (SearchWorker:56)	pool-2-thread-2 is done with DFS
03-19-2016 19:06:48 34 pool-2-thread-2 (SearchWorker:54)	pool-2-thread-2 is starting DFS
03-19-2016 19:06:48 34 pool-2-thread-2 (SearchWorker:56)	pool-2-thread-2 is done with DFS
03-19-2016 19:06:48 37 pool-2-thread-2 (SearchWorker:54)	pool-2-thread-2 is starting DFS
03-19-2016 19:06:48 0 pool-2-thread-1 (SearchWorker:54)	pool-2-thread-1 is starting DFS
03-19-2016 19:06:48 38 pool-2-thread-1 (SearchWorker:56)	pool-2-thread-1 is done with DFS
03-19-2016 19:06:48 0 pool-2-thread-3 (SearchWorker:54)	pool-2-thread-3 is starting DFS
03-19-2016 19:06:48 0 pool-2-thread-6 (SearchWorker:54)	pool-2-thread-6 is starting DFS
03-19-2016 19:06:48 39 pool-2-thread-6 (SearchWorker:56)	pool-2-thread-6 is done with DFS
03-19-2016 19:06:48 39 pool-2-thread-3 (SearchWorker:56)	pool-2-thread-3 is done with DFS
03-19-2016 19:06:48 37 pool-2-thread-2 (SearchWorker:56)	pool-2-thread-2 is done with DFS
03-19-2016 19:06:48 33 pool-2-thread-5 (SearchWorker:54)	pool-2-thread-5 is starting DFS
03-19-2016 19:06:48 43 pool-2-thread-5 (SearchWorker:56)	pool-2-thread-5 is done with DFS
03-19-2016 19:06:48 33 pool-2-thread-4 (SearchWorker:56)	pool-2-thread-4 is done with DFS
03-19-2016 19:06:48 32 pool-2-thread-8 (SearchWorker:56)	pool-2-thread-8 is done with DFS
03-19-2016 19:06:48 32 pool-2-thread-7 (SearchWorker:56)	pool-2-thread-7 is done with DFS
03-19-2016 19:06:48 32 pool-2-thread-9 (SearchWorker:54)	pool-2-thread-9 is starting DFS
03-19-2016 19:06:48 52 pool-2-thread-9 (SearchWorker:56)	pool-2-thread-9 is done with DFS
03-19-2016 19:06:48 27 pool-2-thread-10 (SearchWorker:56)	pool-2-thread-10 is done with DFS
03-19-2016 19:06:49 1003 CSVDataGen.main() (DefaultDistributor:116)	DONE
03-19-2016 19:07:04 0 pool-2-thread-4 (SearchWorker:54)	pool-2-thread-4 is starting DFS
03-19-2016 19:07:04 12 pool-2-thread-10 (SearchWorker:54)	pool-2-thread-10 is starting DFS
03-19-2016 19:07:04 12 pool-2-thread-9 (SearchWorker:54)	pool-2-thread-9 is starting DFS
03-19-2016 19:07:04 8 pool-2-thread-7 (SearchWorker:54)	pool-2-thread-7 is starting DFS
03-19-2016 19:07:04 6 pool-2-thread-8 (SearchWorker:54)	pool-2-thread-8 is starting DFS
03-19-2016 19:07:04 0 pool-2-thread-2 (SearchWorker:54)	pool-2-thread-2 is starting DFS
03-19-2016 19:07:04 0 pool-2-thread-3 (SearchWorker:54)	pool-2-thread-3 is starting DFS
03-19-2016 19:07:04 0 pool-2-thread-1 (SearchWorker:54)	pool-2-thread-1 is starting DFS
03-19-2016 19:07:04 34 pool-2-thread-1 (SearchWorker:56)	pool-2-thread-1 is done with DFS
03-19-2016 19:07:04 35 pool-2-thread-1 (SearchWorker:54)	pool-2-thread-1 is starting DFS
03-19-2016 19:07:04 35 pool-2-thread-1 (SearchWorker:56)	pool-2-thread-1 is done with DFS
03-19-2016 19:07:04 35 pool-2-thread-1 (SearchWorker:54)	pool-2-thread-1 is starting DFS
03-19-2016 19:07:04 36 pool-2-thread-1 (SearchWorker:56)	pool-2-thread-1 is done with DFS
03-19-2016 19:07:04 37 pool-2-thread-1 (SearchWorker:54)	pool-2-thread-1 is starting DFS
03-19-2016 19:07:04 5 pool-2-thread-6 (SearchWorker:54)	pool-2-thread-6 is starting DFS
03-19-2016 19:07:04 5 pool-2-thread-5 (SearchWorker:54)	pool-2-thread-5 is starting DFS
03-19-2016 19:07:04 38 pool-2-thread-1 (SearchWorker:56)	pool-2-thread-1 is done with DFS
03-19-2016 19:07:04 42 pool-2-thread-1 (SearchWorker:54)	pool-2-thread-1 is starting DFS
03-19-2016 19:07:04 42 pool-2-thread-1 (SearchWorker:56)	pool-2-thread-1 is done with DFS
03-19-2016 19:07:04 42 pool-2-thread-1 (SearchWorker:54)	pool-2-thread-1 is starting DFS
03-19-2016 19:07:04 43 pool-2-thread-1 (SearchWorker:56)	pool-2-thread-1 is done with DFS
03-19-2016 19:07:04 43 pool-2-thread-1 (SearchWorker:54)	pool-2-thread-1 is starting DFS
03-19-2016 19:07:04 44 pool-2-thread-1 (SearchWorker:56)	pool-2-thread-1 is done with DFS
03-19-2016 19:07:04 38 pool-2-thread-6 (SearchWorker:56)	pool-2-thread-6 is done with DFS
03-19-2016 19:07:04 33 pool-2-thread-3 (SearchWorker:56)	pool-2-thread-3 is done with DFS
03-19-2016 19:07:04 33 pool-2-thread-2 (SearchWorker:56)	pool-2-thread-2 is done with DFS
03-19-2016 19:07:04 29 pool-2-thread-7 (SearchWorker:56)	pool-2-thread-7 is done with DFS
03-19-2016 19:07:04 27 pool-2-thread-8 (SearchWorker:56)	pool-2-thread-8 is done with DFS
03-19-2016 19:07:04 23 pool-2-thread-10 (SearchWorker:56)	pool-2-thread-10 is done with DFS
03-19-2016 19:07:04 23 pool-2-thread-9 (SearchWorker:56)	pool-2-thread-9 is done with DFS
03-19-2016 19:07:04 23 pool-2-thread-4 (SearchWorker:56)	pool-2-thread-4 is done with DFS
03-19-2016 19:07:04 43 pool-2-thread-5 (SearchWorker:56)	pool-2-thread-5 is done with DFS
03-19-2016 19:07:05 1013 CSVDataGen.main() (DefaultDistributor:116)	DONE
03-19-2016 19:08:20 0 pool-2-thread-1 (SearchWorker:54)	pool-2-thread-1 is starting DFS
03-19-2016 19:08:20 29 pool-2-thread-10 (SearchWorker:54)	pool-2-thread-10 is starting DFS
03-19-2016 19:08:20 25 pool-2-thread-9 (SearchWorker:54)	pool-2-thread-9 is starting DFS
03-19-2016 19:08:20 39 pool-2-thread-9 (SearchWorker:56)	pool-2-thread-9 is done with DFS
03-19-2016 19:08:20 19 pool-2-thread-8 (SearchWorker:54)	pool-2-thread-8 is starting DFS
03-19-2016 19:08:20 42 pool-2-thread-8 (SearchWorker:56)	pool-2-thread-8 is done with DFS
03-19-2016 19:08:20 43 pool-2-thread-8 (SearchWorker:54)	pool-2-thread-8 is starting DFS
03-19-2016 19:08:20 45 pool-2-thread-8 (SearchWorker:56)	pool-2-thread-8 is done with DFS
03-19-2016 19:08:20 46 pool-2-thread-8 (SearchWorker:54)	pool-2-thread-8 is starting DFS
03-19-2016 19:08:20 16 pool-2-thread-7 (SearchWorker:54)	pool-2-thread-7 is starting DFS
03-19-2016 19:08:20 10 pool-2-thread-6 (SearchWorker:54)	pool-2-thread-6 is starting DFS
03-19-2016 19:08:20 47 pool-2-thread-6 (SearchWorker:56)	pool-2-thread-6 is done with DFS
03-19-2016 19:08:20 48 pool-2-thread-6 (SearchWorker:54)	pool-2-thread-6 is starting DFS
03-19-2016 19:08:20 48 pool-2-thread-6 (SearchWorker:56)	pool-2-thread-6 is done with DFS
03-19-2016 19:08:20 49 pool-2-thread-6 (SearchWorker:54)	pool-2-thread-6 is starting DFS
03-19-2016 19:08:20 49 pool-2-thread-6 (SearchWorker:56)	pool-2-thread-6 is done with DFS
03-19-2016 19:08:20 9 pool-2-thread-5 (SearchWorker:54)	pool-2-thread-5 is starting DFS
03-19-2016 19:08:20 53 pool-2-thread-5 (SearchWorker:56)	pool-2-thread-5 is done with DFS
03-19-2016 19:08:20 53 pool-2-thread-5 (SearchWorker:54)	pool-2-thread-5 is starting DFS
03-19-2016 19:08:20 54 pool-2-thread-5 (SearchWorker:56)	pool-2-thread-5 is done with DFS
03-19-2016 19:08:20 9 pool-2-thread-4 (SearchWorker:54)	pool-2-thread-4 is starting DFS
03-19-2016 19:08:20 55 pool-2-thread-4 (SearchWorker:56)	pool-2-thread-4 is done with DFS
03-19-2016 19:08:20 1 pool-2-thread-2 (SearchWorker:54)	pool-2-thread-2 is starting DFS
03-19-2016 19:08:20 7 pool-2-thread-3 (SearchWorker:54)	pool-2-thread-3 is starting DFS
03-19-2016 19:08:20 56 pool-2-thread-3 (SearchWorker:56)	pool-2-thread-3 is done with DFS
03-19-2016 19:08:20 56 pool-2-thread-2 (SearchWorker:56)	pool-2-thread-2 is done with DFS
03-19-2016 19:08:20 47 pool-2-thread-8 (SearchWorker:56)	pool-2-thread-8 is done with DFS
03-19-2016 19:08:20 47 pool-2-thread-7 (SearchWorker:56)	pool-2-thread-7 is done with DFS
03-19-2016 19:08:20 41 pool-2-thread-9 (SearchWorker:54)	pool-2-thread-9 is starting DFS
03-19-2016 19:08:20 64 pool-2-thread-9 (SearchWorker:56)	pool-2-thread-9 is done with DFS
03-19-2016 19:08:20 36 pool-2-thread-10 (SearchWorker:56)	pool-2-thread-10 is done with DFS
03-19-2016 19:08:20 35 pool-2-thread-1 (SearchWorker:56)	pool-2-thread-1 is done with DFS
03-19-2016 19:08:21 1023 CSVDataGen.main() (DefaultDistributor:116)	DONE
03-19-2016 19:08:51 0 pool-2-thread-3 (SearchWorker:54)	pool-2-thread-3 is starting DFS
03-19-2016 19:08:51 0 pool-2-thread-4 (SearchWorker:54)	pool-2-thread-4 is starting DFS
03-19-2016 19:08:51 0 pool-2-thread-2 (SearchWorker:54)	pool-2-thread-2 is starting DFS
03-19-2016 19:08:51 0 pool-2-thread-1 (SearchWorker:54)	pool-2-thread-1 is starting DFS
03-19-2016 19:08:51 0 pool-2-thread-5 (SearchWorker:54)	pool-2-thread-5 is starting DFS
03-19-2016 19:08:51 16 pool-2-thread-1 (SearchWorker:56)	pool-2-thread-1 is done with DFS
03-19-2016 19:08:51 17 pool-2-thread-1 (SearchWorker:54)	pool-2-thread-1 is starting DFS
03-19-2016 19:08:51 17 pool-2-thread-1 (SearchWorker:56)	pool-2-thread-1 is done with DFS
03-19-2016 19:08:51 18 pool-2-thread-1 (SearchWorker:54)	pool-2-thread-1 is starting DFS
03-19-2016 19:08:51 18 pool-2-thread-1 (SearchWorker:56)	pool-2-thread-1 is done with DFS
03-19-2016 19:08:51 18 pool-2-thread-1 (SearchWorker:54)	pool-2-thread-1 is starting DFS
03-19-2016 19:08:51 18 pool-2-thread-1 (SearchWorker:56)	pool-2-thread-1 is done with DFS
03-19-2016 19:08:51 19 pool-2-thread-1 (SearchWorker:54)	pool-2-thread-1 is starting DFS
03-19-2016 19:08:51 17 pool-2-thread-2 (SearchWorker:56)	pool-2-thread-2 is done with DFS
03-19-2016 19:08:51 19 pool-2-thread-2 (SearchWorker:54)	pool-2-thread-2 is starting DFS
03-19-2016 19:08:51 20 pool-2-thread-2 (SearchWorker:56)	pool-2-thread-2 is done with DFS
03-19-2016 19:08:51 21 pool-2-thread-2 (SearchWorker:54)	pool-2-thread-2 is starting DFS
03-19-2016 19:08:51 21 pool-2-thread-2 (SearchWorker:56)	pool-2-thread-2 is done with DFS
03-19-2016 19:08:51 22 pool-2-thread-2 (SearchWorker:54)	pool-2-thread-2 is starting DFS
03-19-2016 19:08:51 22 pool-2-thread-2 (SearchWorker:56)	pool-2-thread-2 is done with DFS
03-19-2016 19:08:51 22 pool-2-thread-2 (SearchWorker:54)	pool-2-thread-2 is starting DFS
03-19-2016 19:08:51 23 pool-2-thread-2 (SearchWorker:56)	pool-2-thread-2 is done with DFS
03-19-2016 19:08:51 23 pool-2-thread-2 (SearchWorker:54)	pool-2-thread-2 is starting DFS
03-19-2016 19:08:51 23 pool-2-thread-2 (SearchWorker:56)	pool-2-thread-2 is done with DFS
03-19-2016 19:08:51 24 pool-2-thread-2 (SearchWorker:54)	pool-2-thread-2 is starting DFS
03-19-2016 19:08:51 24 pool-2-thread-2 (SearchWorker:56)	pool-2-thread-2 is done with DFS
03-19-2016 19:08:51 25 pool-2-thread-2 (SearchWorker:54)	pool-2-thread-2 is starting DFS
03-19-2016 19:08:51 28 pool-2-thread-2 (SearchWorker:56)	pool-2-thread-2 is done with DFS
03-19-2016 19:08:51 16 pool-2-thread-4 (SearchWorker:56)	pool-2-thread-4 is done with DFS
03-19-2016 19:08:51 29 pool-2-thread-5 (SearchWorker:56)	pool-2-thread-5 is done with DFS
03-19-2016 19:08:51 23 pool-2-thread-3 (SearchWorker:56)	pool-2-thread-3 is done with DFS
03-19-2016 19:08:51 22 pool-2-thread-1 (SearchWorker:56)	pool-2-thread-1 is done with DFS
03-19-2016 19:08:52 997 CSVDataGen.main() (DefaultDistributor:116)	DONE
03-19-2016 19:19:36 0 pool-2-thread-1 (SearchWorker:54)	pool-2-thread-1 is starting DFS
03-19-2016 19:19:36 11 pool-2-thread-5 (SearchWorker:54)	pool-2-thread-5 is starting DFS
03-19-2016 19:19:36 11 pool-2-thread-2 (SearchWorker:54)	pool-2-thread-2 is starting DFS
03-19-2016 19:19:36 5 pool-2-thread-4 (SearchWorker:54)	pool-2-thread-4 is starting DFS
03-19-2016 19:19:36 5 pool-2-thread-3 (SearchWorker:54)	pool-2-thread-3 is starting DFS
03-19-2016 19:19:36 27 pool-2-thread-4 (SearchWorker:56)	pool-2-thread-4 is done with DFS
03-19-2016 19:19:36 28 pool-2-thread-4 (SearchWorker:54)	pool-2-thread-4 is starting DFS
03-19-2016 19:19:36 28 pool-2-thread-4 (SearchWorker:56)	pool-2-thread-4 is done with DFS
03-19-2016 19:19:36 28 pool-2-thread-4 (SearchWorker:54)	pool-2-thread-4 is starting DFS
03-19-2016 19:19:36 28 pool-2-thread-4 (SearchWorker:56)	pool-2-thread-4 is done with DFS
03-19-2016 19:19:36 29 pool-2-thread-4 (SearchWorker:54)	pool-2-thread-4 is starting DFS
03-19-2016 19:19:36 29 pool-2-thread-4 (SearchWorker:56)	pool-2-thread-4 is done with DFS
03-19-2016 19:19:36 29 pool-2-thread-4 (SearchWorker:54)	pool-2-thread-4 is starting DFS
03-19-2016 19:19:36 29 pool-2-thread-4 (SearchWorker:56)	pool-2-thread-4 is done with DFS
03-19-2016 19:19:36 29 pool-2-thread-4 (SearchWorker:54)	pool-2-thread-4 is starting DFS
03-19-2016 19:19:36 29 pool-2-thread-4 (SearchWorker:56)	pool-2-thread-4 is done with DFS
03-19-2016 19:19:36 31 pool-2-thread-4 (SearchWorker:54)	pool-2-thread-4 is starting DFS
03-19-2016 19:19:36 32 pool-2-thread-4 (SearchWorker:56)	pool-2-thread-4 is done with DFS
03-19-2016 19:19:36 33 pool-2-thread-4 (SearchWorker:54)	pool-2-thread-4 is starting DFS
03-19-2016 19:19:36 34 pool-2-thread-4 (SearchWorker:56)	pool-2-thread-4 is done with DFS
03-19-2016 19:19:36 34 pool-2-thread-4 (SearchWorker:54)	pool-2-thread-4 is starting DFS
03-19-2016 19:19:36 34 pool-2-thread-4 (SearchWorker:56)	pool-2-thread-4 is done with DFS
03-19-2016 19:19:36 35 pool-2-thread-4 (SearchWorker:54)	pool-2-thread-4 is starting DFS
03-19-2016 19:19:36 35 pool-2-thread-4 (SearchWorker:56)	pool-2-thread-4 is done with DFS
03-19-2016 19:19:36 35 pool-2-thread-4 (SearchWorker:54)	pool-2-thread-4 is starting DFS
03-19-2016 19:19:36 36 pool-2-thread-4 (SearchWorker:56)	pool-2-thread-4 is done with DFS
03-19-2016 19:19:36 37 pool-2-thread-4 (SearchWorker:54)	pool-2-thread-4 is starting DFS
03-19-2016 19:19:36 37 pool-2-thread-4 (SearchWorker:56)	pool-2-thread-4 is done with DFS
03-19-2016 19:19:36 37 pool-2-thread-4 (SearchWorker:54)	pool-2-thread-4 is starting DFS
03-19-2016 19:19:36 37 pool-2-thread-4 (SearchWorker:56)	pool-2-thread-4 is done with DFS
03-19-2016 19:19:36 38 pool-2-thread-4 (SearchWorker:54)	pool-2-thread-4 is starting DFS
03-19-2016 19:19:36 38 pool-2-thread-4 (SearchWorker:56)	pool-2-thread-4 is done with DFS
03-19-2016 19:19:36 38 pool-2-thread-4 (SearchWorker:54)	pool-2-thread-4 is starting DFS
03-19-2016 19:19:36 39 pool-2-thread-4 (SearchWorker:56)	pool-2-thread-4 is done with DFS
03-19-2016 19:19:36 39 pool-2-thread-4 (SearchWorker:54)	pool-2-thread-4 is starting DFS
03-19-2016 19:19:36 39 pool-2-thread-4 (SearchWorker:56)	pool-2-thread-4 is done with DFS
03-19-2016 19:19:36 40 pool-2-thread-4 (SearchWorker:54)	pool-2-thread-4 is starting DFS
03-19-2016 19:19:36 40 pool-2-thread-4 (SearchWorker:56)	pool-2-thread-4 is done with DFS
03-19-2016 19:19:36 40 pool-2-thread-4 (SearchWorker:54)	pool-2-thread-4 is starting DFS
03-19-2016 19:19:36 40 pool-2-thread-4 (SearchWorker:56)	pool-2-thread-4 is done with DFS
03-19-2016 19:19:36 27 pool-2-thread-5 (SearchWorker:56)	pool-2-thread-5 is done with DFS
03-19-2016 19:19:36 41 pool-2-thread-5 (SearchWorker:54)	pool-2-thread-5 is starting DFS
03-19-2016 19:19:36 41 pool-2-thread-5 (SearchWorker:56)	pool-2-thread-5 is done with DFS
03-19-2016 19:19:36 42 pool-2-thread-5 (SearchWorker:54)	pool-2-thread-5 is starting DFS
03-19-2016 19:19:36 42 pool-2-thread-5 (SearchWorker:56)	pool-2-thread-5 is done with DFS
03-19-2016 19:19:36 42 pool-2-thread-5 (SearchWorker:54)	pool-2-thread-5 is starting DFS
03-19-2016 19:19:36 42 pool-2-thread-5 (SearchWorker:56)	pool-2-thread-5 is done with DFS
03-19-2016 19:19:36 43 pool-2-thread-5 (SearchWorker:54)	pool-2-thread-5 is starting DFS
03-19-2016 19:19:36 43 pool-2-thread-5 (SearchWorker:56)	pool-2-thread-5 is done with DFS
03-19-2016 19:19:36 43 pool-2-thread-5 (SearchWorker:54)	pool-2-thread-5 is starting DFS
03-19-2016 19:19:36 43 pool-2-thread-5 (SearchWorker:56)	pool-2-thread-5 is done with DFS
03-19-2016 19:19:36 44 pool-2-thread-5 (SearchWorker:54)	pool-2-thread-5 is starting DFS
03-19-2016 19:19:36 44 pool-2-thread-5 (SearchWorker:56)	pool-2-thread-5 is done with DFS
03-19-2016 19:19:36 26 pool-2-thread-2 (SearchWorker:56)	pool-2-thread-2 is done with DFS
03-19-2016 19:19:36 24 pool-2-thread-1 (SearchWorker:56)	pool-2-thread-1 is done with DFS
03-19-2016 19:19:36 45 pool-2-thread-2 (SearchWorker:54)	pool-2-thread-2 is starting DFS
03-19-2016 19:19:36 44 pool-2-thread-5 (SearchWorker:54)	pool-2-thread-5 is starting DFS
03-19-2016 19:19:36 45 pool-2-thread-5 (SearchWorker:56)	pool-2-thread-5 is done with DFS
03-19-2016 19:19:36 46 pool-2-thread-5 (SearchWorker:54)	pool-2-thread-5 is starting DFS
03-19-2016 19:19:36 46 pool-2-thread-5 (SearchWorker:56)	pool-2-thread-5 is done with DFS
03-19-2016 19:19:36 46 pool-2-thread-5 (SearchWorker:54)	pool-2-thread-5 is starting DFS
03-19-2016 19:19:36 47 pool-2-thread-5 (SearchWorker:56)	pool-2-thread-5 is done with DFS
03-19-2016 19:19:36 47 pool-2-thread-5 (SearchWorker:54)	pool-2-thread-5 is starting DFS
03-19-2016 19:19:36 47 pool-2-thread-5 (SearchWorker:56)	pool-2-thread-5 is done with DFS
03-19-2016 19:19:36 47 pool-2-thread-5 (SearchWorker:54)	pool-2-thread-5 is starting DFS
03-19-2016 19:19:36 48 pool-2-thread-5 (SearchWorker:56)	pool-2-thread-5 is done with DFS
03-19-2016 19:19:36 48 pool-2-thread-5 (SearchWorker:54)	pool-2-thread-5 is starting DFS
03-19-2016 19:19:36 48 pool-2-thread-5 (SearchWorker:56)	pool-2-thread-5 is done with DFS
03-19-2016 19:19:36 44 pool-2-thread-4 (SearchWorker:54)	pool-2-thread-4 is starting DFS
03-19-2016 19:19:36 27 pool-2-thread-3 (SearchWorker:56)	pool-2-thread-3 is done with DFS
03-19-2016 19:19:36 49 pool-2-thread-5 (SearchWorker:54)	pool-2-thread-5 is starting DFS
03-19-2016 19:19:36 49 pool-2-thread-4 (SearchWorker:56)	pool-2-thread-4 is done with DFS
03-19-2016 19:19:36 60 pool-2-thread-4 (SearchWorker:54)	pool-2-thread-4 is starting DFS
03-19-2016 19:19:36 60 pool-2-thread-4 (SearchWorker:56)	pool-2-thread-4 is done with DFS
03-19-2016 19:19:36 60 pool-2-thread-4 (SearchWorker:54)	pool-2-thread-4 is starting DFS
03-19-2016 19:19:36 60 pool-2-thread-4 (SearchWorker:56)	pool-2-thread-4 is done with DFS
03-19-2016 19:19:36 61 pool-2-thread-4 (SearchWorker:54)	pool-2-thread-4 is starting DFS
03-19-2016 19:19:36 61 pool-2-thread-4 (SearchWorker:56)	pool-2-thread-4 is done with DFS
03-19-2016 19:19:36 61 pool-2-thread-4 (SearchWorker:54)	pool-2-thread-4 is starting DFS
03-19-2016 19:19:36 61 pool-2-thread-4 (SearchWorker:56)	pool-2-thread-4 is done with DFS
03-19-2016 19:19:36 62 pool-2-thread-4 (SearchWorker:54)	pool-2-thread-4 is starting DFS
03-19-2016 19:19:36 45 pool-2-thread-2 (SearchWorker:56)	pool-2-thread-2 is done with DFS
03-19-2016 19:19:36 45 pool-2-thread-1 (SearchWorker:54)	pool-2-thread-1 is starting DFS
03-19-2016 19:19:36 62 pool-2-thread-2 (SearchWorker:54)	pool-2-thread-2 is starting DFS
03-19-2016 19:19:36 62 pool-2-thread-5 (SearchWorker:56)	pool-2-thread-5 is done with DFS
03-19-2016 19:19:36 62 pool-2-thread-4 (SearchWorker:56)	pool-2-thread-4 is done with DFS
03-19-2016 19:19:36 49 pool-2-thread-3 (SearchWorker:54)	pool-2-thread-3 is starting DFS
03-19-2016 19:19:36 63 pool-2-thread-5 (SearchWorker:54)	pool-2-thread-5 is starting DFS
03-19-2016 19:19:36 63 pool-2-thread-4 (SearchWorker:54)	pool-2-thread-4 is starting DFS
03-19-2016 19:19:36 63 pool-2-thread-2 (SearchWorker:56)	pool-2-thread-2 is done with DFS
03-19-2016 19:19:36 63 pool-2-thread-1 (SearchWorker:56)	pool-2-thread-1 is done with DFS
03-19-2016 19:19:36 64 pool-2-thread-2 (SearchWorker:54)	pool-2-thread-2 is starting DFS
03-19-2016 19:19:36 64 pool-2-thread-5 (SearchWorker:56)	pool-2-thread-5 is done with DFS
03-19-2016 19:19:36 64 pool-2-thread-4 (SearchWorker:56)	pool-2-thread-4 is done with DFS
03-19-2016 19:19:36 64 pool-2-thread-3 (SearchWorker:56)	pool-2-thread-3 is done with DFS
03-19-2016 19:19:36 66 pool-2-thread-5 (SearchWorker:54)	pool-2-thread-5 is starting DFS
03-19-2016 19:19:36 66 pool-2-thread-4 (SearchWorker:54)	pool-2-thread-4 is starting DFS
03-19-2016 19:19:36 65 pool-2-thread-2 (SearchWorker:56)	pool-2-thread-2 is done with DFS
03-19-2016 19:19:36 65 pool-2-thread-1 (SearchWorker:54)	pool-2-thread-1 is starting DFS
03-19-2016 19:19:36 67 pool-2-thread-1 (SearchWorker:56)	pool-2-thread-1 is done with DFS
03-19-2016 19:19:36 67 pool-2-thread-1 (SearchWorker:54)	pool-2-thread-1 is starting DFS
03-19-2016 19:19:36 68 pool-2-thread-1 (SearchWorker:56)	pool-2-thread-1 is done with DFS
03-19-2016 19:19:36 68 pool-2-thread-1 (SearchWorker:54)	pool-2-thread-1 is starting DFS
03-19-2016 19:19:36 68 pool-2-thread-1 (SearchWorker:56)	pool-2-thread-1 is done with DFS
03-19-2016 19:19:36 68 pool-2-thread-1 (SearchWorker:54)	pool-2-thread-1 is starting DFS
03-19-2016 19:19:36 69 pool-2-thread-1 (SearchWorker:56)	pool-2-thread-1 is done with DFS
03-19-2016 19:19:36 69 pool-2-thread-1 (SearchWorker:54)	pool-2-thread-1 is starting DFS
03-19-2016 19:19:36 69 pool-2-thread-1 (SearchWorker:56)	pool-2-thread-1 is done with DFS
03-19-2016 19:19:36 70 pool-2-thread-1 (SearchWorker:54)	pool-2-thread-1 is starting DFS
03-19-2016 19:19:36 70 pool-2-thread-1 (SearchWorker:56)	pool-2-thread-1 is done with DFS
03-19-2016 19:19:36 70 pool-2-thread-1 (SearchWorker:54)	pool-2-thread-1 is starting DFS
03-19-2016 19:19:36 70 pool-2-thread-1 (SearchWorker:56)	pool-2-thread-1 is done with DFS
03-19-2016 19:19:36 71 pool-2-thread-1 (SearchWorker:54)	pool-2-thread-1 is starting DFS
03-19-2016 19:19:36 71 pool-2-thread-1 (SearchWorker:56)	pool-2-thread-1 is done with DFS
03-19-2016 19:19:36 71 pool-2-thread-1 (SearchWorker:54)	pool-2-thread-1 is starting DFS
03-19-2016 19:19:36 72 pool-2-thread-1 (SearchWorker:56)	pool-2-thread-1 is done with DFS
03-19-2016 19:19:36 72 pool-2-thread-1 (SearchWorker:54)	pool-2-thread-1 is starting DFS
03-19-2016 19:19:36 72 pool-2-thread-1 (SearchWorker:56)	pool-2-thread-1 is done with DFS
03-19-2016 19:19:36 72 pool-2-thread-1 (SearchWorker:54)	pool-2-thread-1 is starting DFS
03-19-2016 19:19:36 73 pool-2-thread-1 (SearchWorker:56)	pool-2-thread-1 is done with DFS
03-19-2016 19:19:36 73 pool-2-thread-1 (SearchWorker:54)	pool-2-thread-1 is starting DFS
03-19-2016 19:19:36 73 pool-2-thread-1 (SearchWorker:56)	pool-2-thread-1 is done with DFS
03-19-2016 19:19:36 67 pool-2-thread-2 (SearchWorker:54)	pool-2-thread-2 is starting DFS
03-19-2016 19:19:36 67 pool-2-thread-5 (SearchWorker:56)	pool-2-thread-5 is done with DFS
03-19-2016 19:19:36 66 pool-2-thread-4 (SearchWorker:56)	pool-2-thread-4 is done with DFS
03-19-2016 19:19:36 66 pool-2-thread-3 (SearchWorker:54)	pool-2-thread-3 is starting DFS
03-19-2016 19:19:36 75 pool-2-thread-3 (SearchWorker:56)	pool-2-thread-3 is done with DFS
03-19-2016 19:19:36 74 pool-2-thread-2 (SearchWorker:56)	pool-2-thread-2 is done with DFS
03-19-2016 19:19:37 1006 CSVDataGen.main() (DefaultDistributor:116)	DONE
